# JRE version: OpenJDK Runtime Environment (8.0_242-b01) (build 1.8.0_242-release-1644-b01)
# Java VM: OpenJDK 64-Bit Server VM (25.242-b01 mixed mode windows-amd64 compressed oops)
Heap:
 PSYoungGen      total 654848K, used 654824K [0x00000000d5580000, 0x0000000100000000, 0x0000000100000000)
  eden space 610816K, 100% used [0x00000000d5580000,0x00000000faa00000,0x00000000faa00000)
  from space 44032K, 99% used [0x00000000faa00000,0x00000000fd4fa0f8,0x00000000fd500000)
  to   space 44032K, 10% used [0x00000000fd500000,0x00000000fd9b9ed8,0x0000000100000000)
 ParOldGen       total 316928K, used 115228K [0x0000000080000000, 0x0000000093580000, 0x00000000d5580000)
  object space 316928K, 36% used [0x0000000080000000,0x00000000870871c8,0x0000000093580000)
 Metaspace       used 98920K, capacity 103908K, committed 104524K, reserved 1138688K
  class space    used 13247K, capacity 14162K, committed 14464K, reserved 1048576K
GC Heap History (10 events):
Event: 16.632 GC heap after
Heap after GC invocations=11 (full 3):
 PSYoungGen      total 553984K, used 25061K [0x00000000d5580000, 0x00000000fa980000, 0x0000000100000000)
  eden space 528896K, 0% used [0x00000000d5580000,0x00000000d5580000,0x00000000f5a00000)
  from space 25088K, 99% used [0x00000000f9100000,0x00000000fa979608,0x00000000fa980000)
  to   space 29184K, 0% used [0x00000000f7080000,0x00000000f7080000,0x00000000f8d00000)
 ParOldGen       total 210432K, used 35408K [0x0000000080000000, 0x000000008cd80000, 0x00000000d5580000)
  object space 210432K, 16% used [0x0000000080000000,0x0000000082294348,0x000000008cd80000)
 Metaspace       used 73138K, capacity 76836K, committed 77016K, reserved 1116160K
  class space    used 9939K, capacity 10643K, committed 10752K, reserved 1048576K
}
Event: 28.855 GC heap before
{Heap before GC invocations=12 (full 3):
 PSYoungGen      total 553984K, used 553957K [0x00000000d5580000, 0x00000000fa980000, 0x0000000100000000)
  eden space 528896K, 100% used [0x00000000d5580000,0x00000000f5a00000,0x00000000f5a00000)
  from space 25088K, 99% used [0x00000000f9100000,0x00000000fa979608,0x00000000fa980000)
  to   space 29184K, 0% used [0x00000000f7080000,0x00000000f7080000,0x00000000f8d00000)
 ParOldGen       total 210432K, used 35408K [0x0000000080000000, 0x000000008cd80000, 0x00000000d5580000)
  object space 210432K, 16% used [0x0000000080000000,0x0000000082294348,0x000000008cd80000)
 Metaspace       used 81379K, capacity 85264K, committed 85336K, reserved 1122304K
  class space    used 10956K, capacity 11641K, committed 11648K, reserved 1048576K
Event: 28.971 GC heap after
Heap after GC invocations=12 (full 3):
 PSYoungGen      total 581120K, used 29158K [0x00000000d5580000, 0x0000000100000000, 0x0000000100000000)
  eden space 551936K, 0% used [0x00000000d5580000,0x00000000d5580000,0x00000000f7080000)
  from space 29184K, 99% used [0x00000000f7080000,0x00000000f8cf98a8,0x00000000f8d00000)
  to   space 33792K, 0% used [0x00000000fdf00000,0x00000000fdf00000,0x0000000100000000)
 ParOldGen       total 210432K, used 36987K [0x0000000080000000, 0x000000008cd80000, 0x00000000d5580000)
  object space 210432K, 17% used [0x0000000080000000,0x000000008241efc8,0x000000008cd80000)
 Metaspace       used 81379K, capacity 85264K, committed 85336K, reserved 1122304K
  class space    used 10956K, capacity 11641K, committed 11648K, reserved 1048576K
}
Event: 32.701 GC heap before
{Heap before GC invocations=13 (full 3):
 PSYoungGen      total 581120K, used 578374K [0x00000000d5580000, 0x0000000100000000, 0x0000000100000000)
  eden space 551936K, 99% used [0x00000000d5580000,0x00000000f6dd7ff8,0x00000000f7080000)
  from space 29184K, 99% used [0x00000000f7080000,0x00000000f8cf98a8,0x00000000f8d00000)
  to   space 33792K, 0% used [0x00000000fdf00000,0x00000000fdf00000,0x0000000100000000)
 ParOldGen       total 210432K, used 36987K [0x0000000080000000, 0x000000008cd80000, 0x00000000d5580000)
  object space 210432K, 17% used [0x0000000080000000,0x000000008241efc8,0x000000008cd80000)
 Metaspace       used 93026K, capacity 98318K, committed 98380K, reserved 1134592K
  class space    used 12649K, capacity 13671K, committed 13696K, reserved 1048576K
Event: 32.748 GC heap after
Heap after GC invocations=13 (full 3):
 PSYoungGen      total 644608K, used 33778K [0x00000000d5580000, 0x0000000100000000, 0x0000000100000000)
  eden space 610816K, 0% used [0x00000000d5580000,0x00000000d5580000,0x00000000faa00000)
  from space 33792K, 99% used [0x00000000fdf00000,0x00000000ffffc9b0,0x0000000100000000)
  to   space 44032K, 0% used [0x00000000faa00000,0x00000000faa00000,0x00000000fd500000)
 ParOldGen       total 210432K, used 51516K [0x0000000080000000, 0x000000008cd80000, 0x00000000d5580000)
  object space 210432K, 24% used [0x0000000080000000,0x000000008324f160,0x000000008cd80000)
 Metaspace       used 93026K, capacity 98318K, committed 98380K, reserved 1134592K
  class space    used 12649K, capacity 13671K, committed 13696K, reserved 1048576K
}
Event: 32.748 GC heap before
{Heap before GC invocations=14 (full 4):
 PSYoungGen      total 644608K, used 33778K [0x00000000d5580000, 0x0000000100000000, 0x0000000100000000)
  eden space 610816K, 0% used [0x00000000d5580000,0x00000000d5580000,0x00000000faa00000)
  from space 33792K, 99% used [0x00000000fdf00000,0x00000000ffffc9b0,0x0000000100000000)
  to   space 44032K, 0% used [0x00000000faa00000,0x00000000faa00000,0x00000000fd500000)
 ParOldGen       total 210432K, used 51516K [0x0000000080000000, 0x000000008cd80000, 0x00000000d5580000)
  object space 210432K, 24% used [0x0000000080000000,0x000000008324f160,0x000000008cd80000)
 Metaspace       used 93026K, capacity 98318K, committed 98380K, reserved 1134592K
  class space    used 12649K, capacity 13671K, committed 13696K, reserved 1048576K
Event: 32.959 GC heap after
Heap after GC invocations=14 (full 4):
 PSYoungGen      total 644608K, used 0K [0x00000000d5580000, 0x0000000100000000, 0x0000000100000000)
  eden space 610816K, 0% used [0x00000000d5580000,0x00000000d5580000,0x00000000faa00000)
  from space 33792K, 0% used [0x00000000fdf00000,0x00000000fdf00000,0x0000000100000000)
  to   space 44032K, 0% used [0x00000000faa00000,0x00000000faa00000,0x00000000fd500000)
 ParOldGen       total 316928K, used 75364K [0x0000000080000000, 0x0000000093580000, 0x00000000d5580000)
  object space 316928K, 23% used [0x0000000080000000,0x0000000084999138,0x0000000093580000)
 Metaspace       used 92159K, capacity 96152K, committed 98380K, reserved 1134592K
  class space    used 12349K, capacity 13138K, committed 13696K, reserved 1048576K
}
Event: 35.383 GC heap before
{Heap before GC invocations=15 (full 4):
 PSYoungGen      total 644608K, used 610816K [0x00000000d5580000, 0x0000000100000000, 0x0000000100000000)
  eden space 610816K, 100% used [0x00000000d5580000,0x00000000faa00000,0x00000000faa00000)
  from space 33792K, 0% used [0x00000000fdf00000,0x00000000fdf00000,0x0000000100000000)
  to   space 44032K, 0% used [0x00000000faa00000,0x00000000faa00000,0x00000000fd500000)
 ParOldGen       total 316928K, used 75364K [0x0000000080000000, 0x0000000093580000, 0x00000000d5580000)
  object space 316928K, 23% used [0x0000000080000000,0x0000000084999138,0x0000000093580000)
 Metaspace       used 98112K, capacity 103020K, committed 103628K, reserved 1138688K
  class space    used 13226K, capacity 14118K, committed 14336K, reserved 1048576K
Event: 35.424 GC heap after
Heap after GC invocations=15 (full 4):
 PSYoungGen      total 654848K, used 44008K [0x00000000d5580000, 0x0000000100000000, 0x0000000100000000)
  eden space 610816K, 0% used [0x00000000d5580000,0x00000000d5580000,0x00000000faa00000)
  from space 44032K, 99% used [0x00000000faa00000,0x00000000fd4fa0f8,0x00000000fd500000)
  to   space 44032K, 0% used [0x00000000fd500000,0x00000000fd500000,0x0000000100000000)
 ParOldGen       total 316928K, used 78590K [0x0000000080000000, 0x0000000093580000, 0x00000000d5580000)
  object space 316928K, 24% used [0x0000000080000000,0x0000000084cbfa00,0x0000000093580000)
 Metaspace       used 98112K, capacity 103020K, committed 103628K, reserved 1138688K
  class space    used 13226K, capacity 14118K, committed 14336K, reserved 1048576K
}
Event: 36.761 GC heap before
{Heap before GC invocations=16 (full 4):
 PSYoungGen      total 654848K, used 654824K [0x00000000d5580000, 0x0000000100000000, 0x0000000100000000)
  eden space 610816K, 100% used [0x00000000d5580000,0x00000000faa00000,0x00000000faa00000)
  from space 44032K, 99% used [0x00000000faa00000,0x00000000fd4fa0f8,0x00000000fd500000)
  to   space 44032K, 0% used [0x00000000fd500000,0x00000000fd500000,0x0000000100000000)
 ParOldGen       total 316928K, used 78590K [0x0000000080000000, 0x0000000093580000, 0x00000000d5580000)
  object space 316928K, 24% used [0x0000000080000000,0x0000000084cbfa00,0x0000000093580000)
 Metaspace       used 98920K, capacity 103908K, committed 104524K, reserved 1138688K
  class space    used 13247K, capacity 14162K, committed 14464K, reserved 1048576K

